<?xml version="1.0" encoding="UTF-8"?>
<testsuites>
    <testsuite name="force.apex" timestamp="2025-08-29T13:00:58.668Z" hostname="https://orgfarm-d26e890132-dev-ed.develop.my.salesforce.com" tests="9" failures="1"  errors="0"  time="0.56">
        <properties>
            <property name="outcome" value="Failed"/>
            <property name="testsRan" value="9"/>
            <property name="passing" value="8"/>
            <property name="failing" value="1"/>
            <property name="skipped" value="0"/>
            <property name="passRate" value="89%"/>
            <property name="failRate" value="11%"/>
            <property name="testStartTime" value="Fri Aug 29 2025 10:00:58 AM"/>
            <property name="testExecutionTime" value="0.56 s"/>
            <property name="testTotalTime" value="0.56 s"/>
            <property name="commandTime" value="0.00 s"/>
            <property name="hostname" value="https://orgfarm-d26e890132-dev-ed.develop.my.salesforce.com"/>
            <property name="orgId" value="00DgL000008xvvJUAQ"/>
            <property name="username" value="matheus-carvalho87500@agentforce.com"/>
            <property name="coveredLines" value="259"/>
            <property name="testRunCoverage" value="48%"/>
            <property name="orgWideCoverage" value="20%"/>
        </properties>
        <testcase name="testCreatePairKey_nulls_and_ordering" classname="DuplicateMatchingServiceTest" time="0.16">
        </testcase>
        <testcase name="testExactEmailMatch" classname="DuplicateMatchingServiceTest" time="0.04">
        </testcase>
        <testcase name="testFuzzyBelowThreshold_noMatch" classname="DuplicateMatchingServiceTest" time="0.04">
        </testcase>
        <testcase name="testFuzzyNameWithSamePhone" classname="DuplicateMatchingServiceTest" time="0.04">
        </testcase>
        <testcase name="testGetMatchType_noMatch" classname="DuplicateMatchingServiceTest" time="0.02">
        </testcase>
        <testcase name="testLastNameWithSamePhone" classname="DuplicateMatchingServiceTest" time="0.04">
        </testcase>
        <testcase name="testLevenshteinDistance_paths" classname="DuplicateMatchingServiceTest" time="0.03">
        </testcase>
        <testcase name="testNoDuplicates" classname="DuplicateMatchingServiceTest" time="0.03">
        </testcase>
        <testcase name="testPerformanceAndGovernorLimits" classname="DuplicateMatchingServiceTest" time="0.04">
            <failure message="System.AssertException: Assertion Failed: One pair expected: Expected: 1, Actual: 2"><![CDATA[Class.DuplicateMatchingServiceTest.testPerformanceAndGovernorLimits: line 73, column 1]]></failure>
        </testcase>
    </testsuite>
</testsuites>
